# JRE version: OpenJDK Runtime Environment (22.0.1+8) (build 22.0.1+8-16)
# Java VM: OpenJDK 64-Bit Server VM (22.0.1+8-16, mixed mode, sharing, tiered, compressed oops, compressed class ptrs, g1 gc, windows-amd64)
GC Precious Log:
 CardTable entry size: 512
 Card Set container configuration: InlinePtr #cards 5 size 8 Array Of Cards #cards 12 size 40 Howl #buckets 4 coarsen threshold 1843 Howl Bitmap #cards 512 size 80 coarsen threshold 460 Card regions per heap region 1 cards per card region 2048
 CPUs: 8 total, 8 available
 Memory: 8015M
 Large Page Support: Disabled
 NUMA Support: Disabled
 Compressed Oops: Enabled (32-bit)
 Heap Region Size: 1M
 Heap Min Capacity: 8M
 Heap Initial Capacity: 126M
 Heap Max Capacity: 2004M
 Pre-touch: Disabled
 Parallel Workers: 8
 Concurrent Workers: 2
 Concurrent Refinement Workers: 8
 Periodic GC: Disabled
Heap:
 garbage-first heap   total reserved 2052096K, committed 94208K, used 43150K [0x0000000082c00000, 0x0000000100000000)
  region size 1024K, 0 young (0K), 0 survivors (0K)
 Metaspace       used 59149K, committed 59584K, reserved 1114112K
  class space    used 7876K, committed 8064K, reserved 1048576K
GC Heap History (20 events):
Event: 4.259 GC heap after
{Heap after GC invocations=10 (full 0):
 garbage-first heap   total reserved 2052096K, committed 54272K, used 21017K [0x0000000082c00000, 0x0000000100000000)
  region size 1024K, 4 young (4096K), 4 survivors (4096K)
 Metaspace       used 40461K, committed 40832K, reserved 1114112K
  class space    used 5054K, committed 5184K, reserved 1048576K
}
Event: 4.755 GC heap before
{Heap before GC invocations=10 (full 0):
 garbage-first heap   total reserved 2052096K, committed 54272K, used 45593K [0x0000000082c00000, 0x0000000100000000)
  region size 1024K, 28 young (28672K), 4 survivors (4096K)
 Metaspace       used 45330K, committed 45696K, reserved 1114112K
  class space    used 5748K, committed 5888K, reserved 1048576K
}
Event: 4.760 GC heap after
{Heap after GC invocations=11 (full 0):
 garbage-first heap   total reserved 2052096K, committed 54272K, used 23035K [0x0000000082c00000, 0x0000000100000000)
  region size 1024K, 3 young (3072K), 3 survivors (3072K)
 Metaspace       used 45330K, committed 45696K, reserved 1114112K
  class space    used 5748K, committed 5888K, reserved 1048576K
}
Event: 5.320 GC heap before
{Heap before GC invocations=11 (full 0):
 garbage-first heap   total reserved 2052096K, committed 54272K, used 45563K [0x0000000082c00000, 0x0000000100000000)
  region size 1024K, 26 young (26624K), 3 survivors (3072K)
 Metaspace       used 52591K, committed 52928K, reserved 1114112K
  class space    used 6914K, committed 7040K, reserved 1048576K
}
Event: 5.323 GC heap after
{Heap after GC invocations=12 (full 0):
 garbage-first heap   total reserved 2052096K, committed 54272K, used 24244K [0x0000000082c00000, 0x0000000100000000)
  region size 1024K, 2 young (2048K), 2 survivors (2048K)
 Metaspace       used 52591K, committed 52928K, reserved 1114112K
  class space    used 6914K, committed 7040K, reserved 1048576K
}
Event: 5.804 GC heap before
{Heap before GC invocations=12 (full 0):
 garbage-first heap   total reserved 2052096K, committed 54272K, used 46772K [0x0000000082c00000, 0x0000000100000000)
  region size 1024K, 24 young (24576K), 2 survivors (2048K)
 Metaspace       used 57178K, committed 57664K, reserved 1114112K
  class space    used 7587K, committed 7808K, reserved 1048576K
}
Event: 5.808 GC heap after
{Heap after GC invocations=13 (full 0):
 garbage-first heap   total reserved 2052096K, committed 54272K, used 25831K [0x0000000082c00000, 0x0000000100000000)
  region size 1024K, 3 young (3072K), 3 survivors (3072K)
 Metaspace       used 57178K, committed 57664K, reserved 1114112K
  class space    used 7587K, committed 7808K, reserved 1048576K
}
Event: 6.059 GC heap before
{Heap before GC invocations=13 (full 0):
 garbage-first heap   total reserved 2052096K, committed 54272K, used 46311K [0x0000000082c00000, 0x0000000100000000)
  region size 1024K, 23 young (23552K), 3 survivors (3072K)
 Metaspace       used 58931K, committed 59392K, reserved 1114112K
  class space    used 7861K, committed 8064K, reserved 1048576K
}
Event: 6.064 GC heap after
{Heap after GC invocations=14 (full 0):
 garbage-first heap   total reserved 2052096K, committed 54272K, used 26807K [0x0000000082c00000, 0x0000000100000000)
  region size 1024K, 3 young (3072K), 3 survivors (3072K)
 Metaspace       used 58931K, committed 59392K, reserved 1114112K
  class space    used 7861K, committed 8064K, reserved 1048576K
}
Event: 6.127 GC heap before
{Heap before GC invocations=14 (full 0):
 garbage-first heap   total reserved 2052096K, committed 54272K, used 32951K [0x0000000082c00000, 0x0000000100000000)
  region size 1024K, 10 young (10240K), 3 survivors (3072K)
 Metaspace       used 59139K, committed 59584K, reserved 1114112K
  class space    used 7876K, committed 8064K, reserved 1048576K
}
Event: 6.130 GC heap after
{Heap after GC invocations=15 (full 0):
 garbage-first heap   total reserved 2052096K, committed 65536K, used 27120K [0x0000000082c00000, 0x0000000100000000)
  region size 1024K, 2 young (2048K), 2 survivors (2048K)
 Metaspace       used 59139K, committed 59584K, reserved 1114112K
  class space    used 7876K, committed 8064K, reserved 1048576K
}
Event: 6.197 GC heap before
{Heap before GC invocations=15 (full 0):
 garbage-first heap   total reserved 2052096K, committed 65536K, used 58864K [0x0000000082c00000, 0x0000000100000000)
  region size 1024K, 31 young (31744K), 2 survivors (2048K)
 Metaspace       used 59148K, committed 59584K, reserved 1114112K
  class space    used 7876K, committed 8064K, reserved 1048576K
}
Event: 6.202 GC heap after
{Heap after GC invocations=16 (full 0):
 garbage-first heap   total reserved 2052096K, committed 65536K, used 33175K [0x0000000082c00000, 0x0000000100000000)
  region size 1024K, 4 young (4096K), 4 survivors (4096K)
 Metaspace       used 59148K, committed 59584K, reserved 1114112K
  class space    used 7876K, committed 8064K, reserved 1048576K
}
Event: 6.241 GC heap before
{Heap before GC invocations=16 (full 0):
 garbage-first heap   total reserved 2052096K, committed 65536K, used 56727K [0x0000000082c00000, 0x0000000100000000)
  region size 1024K, 27 young (27648K), 4 survivors (4096K)
 Metaspace       used 59148K, committed 59584K, reserved 1114112K
  class space    used 7876K, committed 8064K, reserved 1048576K
}
Event: 6.250 GC heap after
{Heap after GC invocations=17 (full 0):
 garbage-first heap   total reserved 2052096K, committed 65536K, used 37109K [0x0000000082c00000, 0x0000000100000000)
  region size 1024K, 4 young (4096K), 4 survivors (4096K)
 Metaspace       used 59148K, committed 59584K, reserved 1114112K
  class space    used 7876K, committed 8064K, reserved 1048576K
}
Event: 6.305 GC heap before
{Heap before GC invocations=18 (full 0):
 garbage-first heap   total reserved 2052096K, committed 65536K, used 56565K [0x0000000082c00000, 0x0000000100000000)
  region size 1024K, 23 young (23552K), 4 survivors (4096K)
 Metaspace       used 59148K, committed 59584K, reserved 1114112K
  class space    used 7876K, committed 8064K, reserved 1048576K
}
Event: 6.313 GC heap after
{Heap after GC invocations=19 (full 0):
 garbage-first heap   total reserved 2052096K, committed 65536K, used 40103K [0x0000000082c00000, 0x0000000100000000)
  region size 1024K, 3 young (3072K), 3 survivors (3072K)
 Metaspace       used 59148K, committed 59584K, reserved 1114112K
  class space    used 7876K, committed 8064K, reserved 1048576K
}
Event: 6.341 GC heap before
{Heap before GC invocations=19 (full 0):
 garbage-first heap   total reserved 2052096K, committed 65536K, used 58535K [0x0000000082c00000, 0x0000000100000000)
  region size 1024K, 20 young (20480K), 3 survivors (3072K)
 Metaspace       used 59149K, committed 59584K, reserved 1114112K
  class space    used 7876K, committed 8064K, reserved 1048576K
}
Event: 6.346 GC heap after
{Heap after GC invocations=20 (full 0):
 garbage-first heap   total reserved 2052096K, committed 65536K, used 43588K [0x0000000082c00000, 0x0000000100000000)
  region size 1024K, 3 young (3072K), 3 survivors (3072K)
 Metaspace       used 59149K, committed 59584K, reserved 1114112K
  class space    used 7876K, committed 8064K, reserved 1048576K
}
Event: 6.367 GC heap before
{Heap before GC invocations=20 (full 0):
 garbage-first heap   total reserved 2052096K, committed 65536K, used 56900K [0x0000000082c00000, 0x0000000100000000)
  region size 1024K, 16 young (16384K), 3 survivors (3072K)
 Metaspace       used 59149K, committed 59584K, reserved 1114112K
  class space    used 7876K, committed 8064K, reserved 1048576K
}

